2024-11-21T11:19:30.704+08:00  INFO 11436 --- [springboot-mvc-apartment-rental] [main] .SpringbootMvcApartmentRentalApplication : Starting SpringbootMvcApartmentRentalApplication using Java 21.0.4 with PID 11436 (E:\ApartmentRental\apartmentRental\target\classes started by NTPU in E:\ApartmentRental\apartmentRental)
2024-11-21T11:19:30.709+08:00  INFO 11436 --- [springboot-mvc-apartment-rental] [main] .SpringbootMvcApartmentRentalApplication : No active profile set, falling back to 1 default profile: "default"
2024-11-21T11:19:31.013+08:00  INFO 11436 --- [springboot-mvc-apartment-rental] [main] .s.d.r.c.RepositoryConfigurationDelegate : Bootstrapping Spring Data JPA repositories in DEFAULT mode.
2024-11-21T11:19:31.024+08:00  INFO 11436 --- [springboot-mvc-apartment-rental] [main] .s.d.r.c.RepositoryConfigurationDelegate : Finished Spring Data repository scanning in 7 ms. Found 0 JPA repository interfaces.
2024-11-21T11:19:31.302+08:00  INFO 11436 --- [springboot-mvc-apartment-rental] [main] o.s.b.w.embedded.tomcat.TomcatWebServer  : Tomcat initialized with port 8084 (http)
2024-11-21T11:19:31.312+08:00  INFO 11436 --- [springboot-mvc-apartment-rental] [main] o.apache.catalina.core.StandardService   : Starting service [Tomcat]
2024-11-21T11:19:31.312+08:00  INFO 11436 --- [springboot-mvc-apartment-rental] [main] o.apache.catalina.core.StandardEngine    : Starting Servlet engine: [Apache Tomcat/10.1.31]
2024-11-21T11:19:31.429+08:00  INFO 11436 --- [springboot-mvc-apartment-rental] [main] org.apache.jasper.servlet.TldScanner     : At least one JAR was scanned for TLDs yet contained no TLDs. Enable debug logging for this logger for a complete list of JARs that were scanned but no TLDs were found in them. Skipping unneeded JARs during scanning can improve startup time and JSP compilation time.
2024-11-21T11:19:31.433+08:00  INFO 11436 --- [springboot-mvc-apartment-rental] [main] o.a.c.c.C.[Tomcat].[localhost].[/]       : Initializing Spring embedded WebApplicationContext
2024-11-21T11:19:31.434+08:00  INFO 11436 --- [springboot-mvc-apartment-rental] [main] w.s.c.ServletWebServerApplicationContext : Root WebApplicationContext: initialization completed in 700 ms
2024-11-21T11:19:31.510+08:00  INFO 11436 --- [springboot-mvc-apartment-rental] [main] o.hibernate.jpa.internal.util.LogHelper  : HHH000204: Processing PersistenceUnitInfo [name: default]
2024-11-21T11:19:31.535+08:00  INFO 11436 --- [springboot-mvc-apartment-rental] [main] org.hibernate.Version                    : HHH000412: Hibernate ORM core version 6.5.3.Final
2024-11-21T11:19:31.551+08:00  INFO 11436 --- [springboot-mvc-apartment-rental] [main] o.h.c.internal.RegionFactoryInitiator    : HHH000026: Second-level cache disabled
2024-11-21T11:19:31.708+08:00  INFO 11436 --- [springboot-mvc-apartment-rental] [main] o.s.o.j.p.SpringPersistenceUnitInfo      : No LoadTimeWeaver setup: ignoring JPA class transformer
2024-11-21T11:19:31.725+08:00  INFO 11436 --- [springboot-mvc-apartment-rental] [main] com.zaxxer.hikari.HikariDataSource       : HikariPool-1 - Starting...
2024-11-21T11:19:31.812+08:00  INFO 11436 --- [springboot-mvc-apartment-rental] [main] com.zaxxer.hikari.pool.HikariPool        : HikariPool-1 - Added connection com.mysql.cj.jdbc.ConnectionImpl@722b2728
2024-11-21T11:19:31.813+08:00  INFO 11436 --- [springboot-mvc-apartment-rental] [main] com.zaxxer.hikari.HikariDataSource       : HikariPool-1 - Start completed.
2024-11-21T11:19:32.397+08:00  INFO 11436 --- [springboot-mvc-apartment-rental] [main] o.h.e.t.j.p.i.JtaPlatformInitiator       : HHH000489: No JTA platform available (set 'hibernate.transaction.jta.platform' to enable JTA platform integration)
2024-11-21T11:19:32.906+08:00  INFO 11436 --- [springboot-mvc-apartment-rental] [main] j.LocalContainerEntityManagerFactoryBean : Initialized JPA EntityManagerFactory for persistence unit 'default'
2024-11-21T11:19:32.952+08:00  WARN 11436 --- [springboot-mvc-apartment-rental] [main] JpaBaseConfiguration$JpaWebConfiguration : spring.jpa.open-in-view is enabled by default. Therefore, database queries may be performed during view rendering. Explicitly configure spring.jpa.open-in-view to disable this warning
2024-11-21T11:19:33.142+08:00  INFO 11436 --- [springboot-mvc-apartment-rental] [main] o.s.b.w.embedded.tomcat.TomcatWebServer  : Tomcat started on port 8084 (http) with context path '/'
2024-11-21T11:19:33.146+08:00  INFO 11436 --- [springboot-mvc-apartment-rental] [main] .SpringbootMvcApartmentRentalApplication : Started SpringbootMvcApartmentRentalApplication in 2.651 seconds (process running for 3.027)
2024-11-21T12:05:49.712+08:00  INFO 11436 --- [springboot-mvc-apartment-rental] [RMI TCP Connection(56)-127.0.0.1] inMXBeanRegistrar$SpringApplicationAdmin : Application shutdown requested.
2024-11-21T12:05:49.724+08:00  INFO 11436 --- [springboot-mvc-apartment-rental] [RMI TCP Connection(56)-127.0.0.1] j.LocalContainerEntityManagerFactoryBean : Closing JPA EntityManagerFactory for persistence unit 'default'
2024-11-21T12:05:49.725+08:00  INFO 11436 --- [springboot-mvc-apartment-rental] [RMI TCP Connection(56)-127.0.0.1] com.zaxxer.hikari.HikariDataSource       : HikariPool-1 - Shutdown initiated...
2024-11-21T12:05:49.727+08:00  INFO 11436 --- [springboot-mvc-apartment-rental] [RMI TCP Connection(56)-127.0.0.1] com.zaxxer.hikari.HikariDataSource       : HikariPool-1 - Shutdown completed.
2024-11-21T12:05:50.938+08:00  INFO 3348 --- [springboot-mvc-apartment-rental] [main] .SpringbootMvcApartmentRentalApplication : Starting SpringbootMvcApartmentRentalApplication using Java 21.0.4 with PID 3348 (E:\ApartmentRental\apartmentRental\target\classes started by NTPU in E:\ApartmentRental\apartmentRental)
2024-11-21T12:05:50.939+08:00  INFO 3348 --- [springboot-mvc-apartment-rental] [main] .SpringbootMvcApartmentRentalApplication : No active profile set, falling back to 1 default profile: "default"
2024-11-21T12:05:51.226+08:00  INFO 3348 --- [springboot-mvc-apartment-rental] [main] .s.d.r.c.RepositoryConfigurationDelegate : Bootstrapping Spring Data JPA repositories in DEFAULT mode.
2024-11-21T12:05:51.237+08:00  INFO 3348 --- [springboot-mvc-apartment-rental] [main] .s.d.r.c.RepositoryConfigurationDelegate : Finished Spring Data repository scanning in 7 ms. Found 0 JPA repository interfaces.
2024-11-21T12:05:51.484+08:00  INFO 3348 --- [springboot-mvc-apartment-rental] [main] o.s.b.w.embedded.tomcat.TomcatWebServer  : Tomcat initialized with port 8084 (http)
2024-11-21T12:05:51.492+08:00  INFO 3348 --- [springboot-mvc-apartment-rental] [main] o.apache.catalina.core.StandardService   : Starting service [Tomcat]
2024-11-21T12:05:51.492+08:00  INFO 3348 --- [springboot-mvc-apartment-rental] [main] o.apache.catalina.core.StandardEngine    : Starting Servlet engine: [Apache Tomcat/10.1.31]
2024-11-21T12:05:51.596+08:00  INFO 3348 --- [springboot-mvc-apartment-rental] [main] org.apache.jasper.servlet.TldScanner     : At least one JAR was scanned for TLDs yet contained no TLDs. Enable debug logging for this logger for a complete list of JARs that were scanned but no TLDs were found in them. Skipping unneeded JARs during scanning can improve startup time and JSP compilation time.
2024-11-21T12:05:51.599+08:00  INFO 3348 --- [springboot-mvc-apartment-rental] [main] o.a.c.c.C.[Tomcat].[localhost].[/]       : Initializing Spring embedded WebApplicationContext
2024-11-21T12:05:51.599+08:00  INFO 3348 --- [springboot-mvc-apartment-rental] [main] w.s.c.ServletWebServerApplicationContext : Root WebApplicationContext: initialization completed in 639 ms
2024-11-21T12:05:51.669+08:00  INFO 3348 --- [springboot-mvc-apartment-rental] [main] o.hibernate.jpa.internal.util.LogHelper  : HHH000204: Processing PersistenceUnitInfo [name: default]
2024-11-21T12:05:51.696+08:00  INFO 3348 --- [springboot-mvc-apartment-rental] [main] org.hibernate.Version                    : HHH000412: Hibernate ORM core version 6.5.3.Final
2024-11-21T12:05:51.713+08:00  INFO 3348 --- [springboot-mvc-apartment-rental] [main] o.h.c.internal.RegionFactoryInitiator    : HHH000026: Second-level cache disabled
2024-11-21T12:05:51.866+08:00  INFO 3348 --- [springboot-mvc-apartment-rental] [main] o.s.o.j.p.SpringPersistenceUnitInfo      : No LoadTimeWeaver setup: ignoring JPA class transformer
2024-11-21T12:05:51.881+08:00  INFO 3348 --- [springboot-mvc-apartment-rental] [main] com.zaxxer.hikari.HikariDataSource       : HikariPool-1 - Starting...
2024-11-21T12:05:51.962+08:00  INFO 3348 --- [springboot-mvc-apartment-rental] [main] com.zaxxer.hikari.pool.HikariPool        : HikariPool-1 - Added connection com.mysql.cj.jdbc.ConnectionImpl@8ac512e
2024-11-21T12:05:51.964+08:00  INFO 3348 --- [springboot-mvc-apartment-rental] [main] com.zaxxer.hikari.HikariDataSource       : HikariPool-1 - Start completed.
2024-11-21T12:05:52.556+08:00  INFO 3348 --- [springboot-mvc-apartment-rental] [main] o.h.e.t.j.p.i.JtaPlatformInitiator       : HHH000489: No JTA platform available (set 'hibernate.transaction.jta.platform' to enable JTA platform integration)
2024-11-21T12:05:52.657+08:00  INFO 3348 --- [springboot-mvc-apartment-rental] [main] j.LocalContainerEntityManagerFactoryBean : Initialized JPA EntityManagerFactory for persistence unit 'default'
2024-11-21T12:05:52.695+08:00  WARN 3348 --- [springboot-mvc-apartment-rental] [main] JpaBaseConfiguration$JpaWebConfiguration : spring.jpa.open-in-view is enabled by default. Therefore, database queries may be performed during view rendering. Explicitly configure spring.jpa.open-in-view to disable this warning
2024-11-21T12:05:52.893+08:00  INFO 3348 --- [springboot-mvc-apartment-rental] [main] o.s.b.w.embedded.tomcat.TomcatWebServer  : Tomcat started on port 8084 (http) with context path '/'
2024-11-21T12:05:52.897+08:00  INFO 3348 --- [springboot-mvc-apartment-rental] [main] .SpringbootMvcApartmentRentalApplication : Started SpringbootMvcApartmentRentalApplication in 2.143 seconds (process running for 2.442)
2024-11-21T12:23:18.053+08:00  INFO 3348 --- [springboot-mvc-apartment-rental] [RMI TCP Connection(28)-127.0.0.1] inMXBeanRegistrar$SpringApplicationAdmin : Application shutdown requested.
2024-11-21T12:23:18.058+08:00  INFO 3348 --- [springboot-mvc-apartment-rental] [RMI TCP Connection(28)-127.0.0.1] j.LocalContainerEntityManagerFactoryBean : Closing JPA EntityManagerFactory for persistence unit 'default'
2024-11-21T12:23:18.059+08:00  INFO 3348 --- [springboot-mvc-apartment-rental] [RMI TCP Connection(28)-127.0.0.1] com.zaxxer.hikari.HikariDataSource       : HikariPool-1 - Shutdown initiated...
2024-11-21T12:23:18.063+08:00  INFO 3348 --- [springboot-mvc-apartment-rental] [RMI TCP Connection(28)-127.0.0.1] com.zaxxer.hikari.HikariDataSource       : HikariPool-1 - Shutdown completed.
2024-11-21T12:23:19.105+08:00  INFO 2896 --- [springboot-mvc-apartment-rental] [main] .SpringbootMvcApartmentRentalApplication : Starting SpringbootMvcApartmentRentalApplication using Java 21.0.4 with PID 2896 (E:\ApartmentRental\apartmentRental\target\classes started by NTPU in E:\ApartmentRental\apartmentRental)
2024-11-21T12:23:19.106+08:00  INFO 2896 --- [springboot-mvc-apartment-rental] [main] .SpringbootMvcApartmentRentalApplication : No active profile set, falling back to 1 default profile: "default"
2024-11-21T12:23:19.400+08:00  INFO 2896 --- [springboot-mvc-apartment-rental] [main] .s.d.r.c.RepositoryConfigurationDelegate : Bootstrapping Spring Data JPA repositories in DEFAULT mode.
2024-11-21T12:23:19.411+08:00  INFO 2896 --- [springboot-mvc-apartment-rental] [main] .s.d.r.c.RepositoryConfigurationDelegate : Finished Spring Data repository scanning in 6 ms. Found 0 JPA repository interfaces.
2024-11-21T12:23:19.656+08:00  INFO 2896 --- [springboot-mvc-apartment-rental] [main] o.s.b.w.embedded.tomcat.TomcatWebServer  : Tomcat initialized with port 8084 (http)
2024-11-21T12:23:19.664+08:00  INFO 2896 --- [springboot-mvc-apartment-rental] [main] o.apache.catalina.core.StandardService   : Starting service [Tomcat]
2024-11-21T12:23:19.665+08:00  INFO 2896 --- [springboot-mvc-apartment-rental] [main] o.apache.catalina.core.StandardEngine    : Starting Servlet engine: [Apache Tomcat/10.1.31]
2024-11-21T12:23:19.767+08:00  INFO 2896 --- [springboot-mvc-apartment-rental] [main] org.apache.jasper.servlet.TldScanner     : At least one JAR was scanned for TLDs yet contained no TLDs. Enable debug logging for this logger for a complete list of JARs that were scanned but no TLDs were found in them. Skipping unneeded JARs during scanning can improve startup time and JSP compilation time.
2024-11-21T12:23:19.770+08:00  INFO 2896 --- [springboot-mvc-apartment-rental] [main] o.a.c.c.C.[Tomcat].[localhost].[/]       : Initializing Spring embedded WebApplicationContext
2024-11-21T12:23:19.771+08:00  INFO 2896 --- [springboot-mvc-apartment-rental] [main] w.s.c.ServletWebServerApplicationContext : Root WebApplicationContext: initialization completed in 645 ms
2024-11-21T12:23:19.842+08:00  INFO 2896 --- [springboot-mvc-apartment-rental] [main] o.hibernate.jpa.internal.util.LogHelper  : HHH000204: Processing PersistenceUnitInfo [name: default]
2024-11-21T12:23:19.869+08:00  INFO 2896 --- [springboot-mvc-apartment-rental] [main] org.hibernate.Version                    : HHH000412: Hibernate ORM core version 6.5.3.Final
2024-11-21T12:23:19.885+08:00  INFO 2896 --- [springboot-mvc-apartment-rental] [main] o.h.c.internal.RegionFactoryInitiator    : HHH000026: Second-level cache disabled
2024-11-21T12:23:20.038+08:00  INFO 2896 --- [springboot-mvc-apartment-rental] [main] o.s.o.j.p.SpringPersistenceUnitInfo      : No LoadTimeWeaver setup: ignoring JPA class transformer
2024-11-21T12:23:20.054+08:00  INFO 2896 --- [springboot-mvc-apartment-rental] [main] com.zaxxer.hikari.HikariDataSource       : HikariPool-1 - Starting...
2024-11-21T12:23:20.134+08:00  INFO 2896 --- [springboot-mvc-apartment-rental] [main] com.zaxxer.hikari.pool.HikariPool        : HikariPool-1 - Added connection com.mysql.cj.jdbc.ConnectionImpl@31b741e2
2024-11-21T12:23:20.135+08:00  INFO 2896 --- [springboot-mvc-apartment-rental] [main] com.zaxxer.hikari.HikariDataSource       : HikariPool-1 - Start completed.
2024-11-21T12:23:20.722+08:00  INFO 2896 --- [springboot-mvc-apartment-rental] [main] o.h.e.t.j.p.i.JtaPlatformInitiator       : HHH000489: No JTA platform available (set 'hibernate.transaction.jta.platform' to enable JTA platform integration)
2024-11-21T12:23:20.780+08:00  INFO 2896 --- [springboot-mvc-apartment-rental] [main] j.LocalContainerEntityManagerFactoryBean : Initialized JPA EntityManagerFactory for persistence unit 'default'
2024-11-21T12:23:20.820+08:00  WARN 2896 --- [springboot-mvc-apartment-rental] [main] JpaBaseConfiguration$JpaWebConfiguration : spring.jpa.open-in-view is enabled by default. Therefore, database queries may be performed during view rendering. Explicitly configure spring.jpa.open-in-view to disable this warning
2024-11-21T12:23:21.016+08:00  INFO 2896 --- [springboot-mvc-apartment-rental] [main] o.s.b.w.embedded.tomcat.TomcatWebServer  : Tomcat started on port 8084 (http) with context path '/'
2024-11-21T12:23:21.020+08:00  INFO 2896 --- [springboot-mvc-apartment-rental] [main] .SpringbootMvcApartmentRentalApplication : Started SpringbootMvcApartmentRentalApplication in 2.098 seconds (process running for 2.395)
2024-11-21T17:41:02.094+08:00  INFO 2896 --- [springboot-mvc-apartment-rental] [RMI TCP Connection(328)-127.0.0.1] inMXBeanRegistrar$SpringApplicationAdmin : Application shutdown requested.
2024-11-21T17:41:02.099+08:00  INFO 2896 --- [springboot-mvc-apartment-rental] [RMI TCP Connection(328)-127.0.0.1] j.LocalContainerEntityManagerFactoryBean : Closing JPA EntityManagerFactory for persistence unit 'default'
2024-11-21T17:41:02.100+08:00  INFO 2896 --- [springboot-mvc-apartment-rental] [RMI TCP Connection(328)-127.0.0.1] com.zaxxer.hikari.HikariDataSource       : HikariPool-1 - Shutdown initiated...
2024-11-21T17:41:02.101+08:00  INFO 2896 --- [springboot-mvc-apartment-rental] [RMI TCP Connection(328)-127.0.0.1] com.zaxxer.hikari.HikariDataSource       : HikariPool-1 - Shutdown completed.
